<?xml version="1.0" encoding="UTF-8"?>
<!-- Generated by org.testng.reporters.JUnitReportReporter -->
<testsuite hostname="DESKTOP-5H37N86" failures="0" tests="2" name="pomTest.LogoutTest" time="5.293" errors="1" timestamp="2025-04-13T16:39:10 IST" skipped="0">
  <testcase classname="pomTest.LogoutTest" name="TestLogin" time="4.229"/>
  <testcase classname="pomTest.LogoutTest" name="TestLogout" time="1.064">
    <error message="element click intercepted: Element &lt;svg xmlns=&quot;http://www.w3.org/2000/svg&quot; width=&quot;24&quot; height=&quot;24&quot; fill=&quot;white&quot; viewBox=&quot;0 0 256 256&quot;&gt;...&lt;/svg&gt; is not clickable at point (1234, 32). Other element would receive the click: &lt;li tabindex=&quot;0&quot; class=&quot;group toast group-[.toaster]:bg-background group-[.toaster]:text-foreground group-[.toaster]:border-border group-[.toaster]:shadow-lg&quot; data-sonner-toast=&quot;&quot; data-styled=&quot;true&quot; data-mounted=&quot;true&quot; data-promise=&quot;false&quot; data-swiped=&quot;false&quot; data-removed=&quot;false&quot; data-visible=&quot;true&quot; data-y-position=&quot;top&quot; data-x-position=&quot;right&quot; data-index=&quot;0&quot; data-front=&quot;true&quot; data-swiping=&quot;false&quot; data-dismissible=&quot;true&quot; data-type=&quot;success&quot; data-swipe-out=&quot;false&quot; data-expanded=&quot;false&quot; style=&quot;--index: 0; --toasts-before: 0; --z-index: 1; --offset: 0px; --initial-height: 52.833335876464844px; background-color: rgb(209, 250, 229); color: rgb(6, 95, 70);&quot;&gt;...&lt;/li&gt;
  (Session info: chrome=135.0.7049.85)
Build info: version: &#039;4.29.0&#039;, revision: &#039;5fc1ec94cb&#039;
System info: os.name: &#039;Windows 10&#039;, os.arch: &#039;amd64&#039;, os.version: &#039;10.0&#039;, java.version: &#039;23.0.2&#039;
Driver info: org.openqa.selenium.chrome.ChromeDriver
Command: [969a6c8d237ec699fa28a805e83eadc5, clickElement {id=f.AD8262EA2AD8E56C13CE6A9EB1A1AE58.d.929C51E23A86B52D489FE429F5E5FB8B.e.49}]
Capabilities {acceptInsecureCerts: false, browserName: chrome, browserVersion: 135.0.7049.85, chrome: {chromedriverVersion: 135.0.7049.84 (6c019e560019..., userDataDir: C:\Users\ALOKMI~1\AppData\L...}, fedcm:accounts: true, goog:chromeOptions: {debuggerAddress: localhost:50548}, networkConnectionEnabled: false, pageLoadStrategy: normal, platformName: windows, proxy: Proxy(), se:cdp: ws://localhost:50548/devtoo..., se:cdpVersion: 135.0.7049.85, setWindowRect: true, strictFileInteractability: false, timeouts: {implicit: 0, pageLoad: 300000, script: 30000}, unhandledPromptBehavior: dismiss and notify, webauthn:extension:credBlob: true, webauthn:extension:largeBlob: true, webauthn:extension:minPinLength: true, webauthn:extension:prf: true, webauthn:virtualAuthenticators: true}
Element: [[ChromeDriver: chrome on windows (969a6c8d237ec699fa28a805e83eadc5)] -&gt; xpath: //div[contains(@class,&#039;relative cursor-pointer&#039;)]//*[name()=&#039;svg&#039;]]
Session ID: 969a6c8d237ec699fa28a805e83eadc5" type="org.openqa.selenium.ElementClickInterceptedException">
      <![CDATA[org.openqa.selenium.ElementClickInterceptedException: element click intercepted: Element <svg xmlns="http://www.w3.org/2000/svg" width="24" height="24" fill="white" viewBox="0 0 256 256">...</svg> is not clickable at point (1234, 32). Other element would receive the click: <li tabindex="0" class="group toast group-[.toaster]:bg-background group-[.toaster]:text-foreground group-[.toaster]:border-border group-[.toaster]:shadow-lg" data-sonner-toast="" data-styled="true" data-mounted="true" data-promise="false" data-swiped="false" data-removed="false" data-visible="true" data-y-position="top" data-x-position="right" data-index="0" data-front="true" data-swiping="false" data-dismissible="true" data-type="success" data-swipe-out="false" data-expanded="false" style="--index: 0; --toasts-before: 0; --z-index: 1; --offset: 0px; --initial-height: 52.833335876464844px; background-color: rgb(209, 250, 229); color: rgb(6, 95, 70);">...</li>
  (Session info: chrome=135.0.7049.85)
Build info: version: '4.29.0', revision: '5fc1ec94cb'
System info: os.name: 'Windows 10', os.arch: 'amd64', os.version: '10.0', java.version: '23.0.2'
Driver info: org.openqa.selenium.chrome.ChromeDriver
Command: [969a6c8d237ec699fa28a805e83eadc5, clickElement {id=f.AD8262EA2AD8E56C13CE6A9EB1A1AE58.d.929C51E23A86B52D489FE429F5E5FB8B.e.49}]
Capabilities {acceptInsecureCerts: false, browserName: chrome, browserVersion: 135.0.7049.85, chrome: {chromedriverVersion: 135.0.7049.84 (6c019e560019..., userDataDir: C:\Users\ALOKMI~1\AppData\L...}, fedcm:accounts: true, goog:chromeOptions: {debuggerAddress: localhost:50548}, networkConnectionEnabled: false, pageLoadStrategy: normal, platformName: windows, proxy: Proxy(), se:cdp: ws://localhost:50548/devtoo..., se:cdpVersion: 135.0.7049.85, setWindowRect: true, strictFileInteractability: false, timeouts: {implicit: 0, pageLoad: 300000, script: 30000}, unhandledPromptBehavior: dismiss and notify, webauthn:extension:credBlob: true, webauthn:extension:largeBlob: true, webauthn:extension:minPinLength: true, webauthn:extension:prf: true, webauthn:virtualAuthenticators: true}
Element: [[ChromeDriver: chrome on windows (969a6c8d237ec699fa28a805e83eadc5)] -> xpath: //div[contains(@class,'relative cursor-pointer')]//*[name()='svg']]
Session ID: 969a6c8d237ec699fa28a805e83eadc5
at java.base/jdk.internal.reflect.DirectConstructorHandleAccessor.newInstance(DirectConstructorHandleAccessor.java:62)
at java.base/java.lang.reflect.Constructor.newInstanceWithCaller(Constructor.java:501)
at java.base/java.lang.reflect.Constructor.newInstance(Constructor.java:485)
at org.openqa.selenium.remote.ErrorCodec.decode(ErrorCodec.java:167)
at org.openqa.selenium.remote.codec.w3c.W3CHttpResponseCodec.decode(W3CHttpResponseCodec.java:138)
at org.openqa.selenium.remote.codec.w3c.W3CHttpResponseCodec.decode(W3CHttpResponseCodec.java:50)
at org.openqa.selenium.remote.HttpCommandExecutor.execute(HttpCommandExecutor.java:215)
at org.openqa.selenium.remote.service.DriverCommandExecutor.invokeExecute(DriverCommandExecutor.java:216)
at org.openqa.selenium.remote.service.DriverCommandExecutor.execute(DriverCommandExecutor.java:174)
at org.openqa.selenium.remote.RemoteWebDriver.execute(RemoteWebDriver.java:545)
at org.openqa.selenium.remote.RemoteWebElement.execute(RemoteWebElement.java:223)
at org.openqa.selenium.remote.RemoteWebElement.click(RemoteWebElement.java:76)
at pom.Logout.ClickProfile(Logout.java:25)
at pomTest.LogoutTest.TestLogout(LogoutTest.java:44)
at java.base/jdk.internal.reflect.DirectMethodHandleAccessor.invoke(DirectMethodHandleAccessor.java:103)
at java.base/java.lang.reflect.Method.invoke(Method.java:580)
at org.testng.internal.invokers.MethodInvocationHelper.invokeMethod(MethodInvocationHelper.java:141)
at org.testng.internal.invokers.TestInvoker.invokeMethod(TestInvoker.java:687)
at org.testng.internal.invokers.TestInvoker.invokeTestMethod(TestInvoker.java:230)
at org.testng.internal.invokers.MethodRunner.runInSequence(MethodRunner.java:63)
at org.testng.internal.invokers.TestInvoker$MethodInvocationAgent.invoke(TestInvoker.java:995)
at org.testng.internal.invokers.TestInvoker.invokeTestMethods(TestInvoker.java:203)
at org.testng.internal.invokers.TestMethodWorker.invokeTestMethods(TestMethodWorker.java:154)
at org.testng.internal.invokers.TestMethodWorker.run(TestMethodWorker.java:134)
at java.base/java.util.ArrayList.forEach(ArrayList.java:1597)
at org.testng.TestRunner.privateRun(TestRunner.java:741)
at org.testng.TestRunner.run(TestRunner.java:616)
at org.testng.SuiteRunner.runTest(SuiteRunner.java:421)
at org.testng.SuiteRunner.runSequentially(SuiteRunner.java:413)
at org.testng.SuiteRunner.privateRun(SuiteRunner.java:373)
at org.testng.SuiteRunner.run(SuiteRunner.java:312)
at org.testng.SuiteRunnerWorker.runSuite(SuiteRunnerWorker.java:52)
at org.testng.SuiteRunnerWorker.run(SuiteRunnerWorker.java:95)
at org.testng.TestNG.runSuitesSequentially(TestNG.java:1274)
at org.testng.TestNG.runSuitesLocally(TestNG.java:1208)
at org.testng.TestNG.runSuites(TestNG.java:1112)
at org.testng.TestNG.run(TestNG.java:1079)
at org.testng.remote.AbstractRemoteTestNG.run(AbstractRemoteTestNG.java:115)
at org.testng.remote.RemoteTestNG.initAndRun(RemoteTestNG.java:293)
at org.testng.remote.RemoteTestNG.main(RemoteTestNG.java:91)
]]>
    </error>
  </testcase> <!-- TestLogout -->
</testsuite> <!-- pomTest.LogoutTest -->
